<?xml version="1.0" encoding="UTF-8"?>
<!-- Generated by org.testng.reporters.JUnitReportReporter -->
<testsuite hostname="ADMINRG-B4GU5HF" failures="0" tests="4" name="Project.FacebookTest.NewTest" time="0.005" errors="0" timestamp="2023-09-21T11:23:37 IST" skipped="0">
  <testcase classname="Project.FacebookTest.NewTest" name="f2" time="0.001"/>
  <testcase classname="Project.FacebookTest.NewTest" name="f3" time="0.001"/>
  <testcase classname="Project.FacebookTest.NewTest" name="f1" time="0.001"/>
  <testcase classname="Project.FacebookTest.NewTest" name="f" time="0.002"/>
</testsuite> <!-- Project.FacebookTest.NewTest -->
