<?xml version="1.0" encoding="UTF-8"?>
<!-- Generated by org.testng.reporters.JUnitReportReporter -->
<testsuite hostname="ADMINRG-B4GU5HF" failures="0" tests="2" name="Project.FacebookTest.ChromelaunchTest" time="15.798" errors="0" timestamp="2023-09-21T11:23:37 IST" skipped="0">
  <testcase classname="Project.FacebookTest.ChromelaunchTest" name="mainTest" time="9.924"/>
  <testcase classname="Project.FacebookTest.ChromelaunchTest" name="mainTest" time="5.874"/>
</testsuite> <!-- Project.FacebookTest.ChromelaunchTest -->
