<?xml version="1.0" encoding="UTF-8"?>
<!-- Generated by org.testng.reporters.JUnitReportReporter -->
<testsuite hostname="ADMINRG-B4GU5HF" failures="0" tests="1" name="Project.FacebookTest.FaceBook" time="0.032" errors="0" timestamp="2023-08-23T15:11:16 IST" skipped="0">
  <testcase classname="Project.FacebookTest.FaceBook" name="f" time="0.032"/>
</testsuite> <!-- Project.FacebookTest.FaceBook -->
