<?xml version="1.0" encoding="UTF-8"?>
<!-- Generated by org.testng.reporters.JUnitReportReporter -->
<testsuite hostname="ADMINRG-B4GU5HF" failures="0" tests="1" name="Project.FacebookTest.NewTest" time="0.009" errors="0" timestamp="2023-08-29T19:35:54 IST" skipped="0">
  <testcase classname="Project.FacebookTest.NewTest" name="Food" time="0.009"/>
</testsuite> <!-- Project.FacebookTest.NewTest -->
