<?xml version="1.0" encoding="UTF-8"?>
<!-- Generated by org.testng.reporters.JUnitReportReporter -->
<testsuite hostname="ADMINRG-B4GU5HF" failures="0" tests="1" name="com.morningnineam.order" time="5.261" errors="0" timestamp="2023-09-09T11:14:22 IST" skipped="0">
  <testcase classname="com.morningnineam.order" name="f" time="5.261"/>
</testsuite> <!-- com.morningnineam.order -->
