<?xml version="1.0" encoding="UTF-8"?>
<!-- Generated by org.testng.reporters.JUnitReportReporter -->
<testsuite hostname="ADMINRG-B4GU5HF" failures="0" tests="1" name="com.testng.Data" time="5.782" errors="0" timestamp="2023-09-11T13:53:20 IST" skipped="0">
  <testcase classname="com.testng.Data" name="f" time="5.782"/>
</testsuite> <!-- com.testng.Data -->
