<?xml version="1.0" encoding="UTF-8"?>
<!-- Generated by org.testng.reporters.JUnitReportReporter -->
<testsuite hostname="ADMINRG-B4GU5HF" failures="0" tests="4" name="com.xl.Data" time="0.019" errors="0" timestamp="2023-09-08T19:05:48 IST" skipped="0">
  <testcase classname="com.xl.Data" name="zoom" time="0.011"/>
  <testcase classname="com.xl.Data" name="moon" time="0.003"/>
  <testcase classname="com.xl.Data" name="app" time="0.002"/>
  <testcase classname="com.xl.Data" name="sun" time="0.003"/>
</testsuite> <!-- com.xl.Data -->
