<?xml version="1.0" encoding="UTF-8"?>
<!-- Generated by org.testng.reporters.JUnitReportReporter -->
<testsuite hostname="ADMINRG-B4GU5HF" failures="0" tests="2" name="Project.FacebookTest.ChromelaunchTest" time="52.644" errors="0" timestamp="2023-09-08T20:43:18 IST" skipped="0">
  <testcase classname="Project.FacebookTest.ChromelaunchTest" name="mainTest" time="47.422"/>
  <testcase classname="Project.FacebookTest.ChromelaunchTest" name="mainTest" time="5.222"/>
</testsuite> <!-- Project.FacebookTest.ChromelaunchTest -->
