<?xml version="1.0" encoding="UTF-8"?>
<!-- Generated by org.testng.reporters.JUnitReportReporter -->
<testsuite hostname="ADMINRG-B4GU5HF" failures="0" tests="2" name="com.morningnineam.Launchdriver" time="5.331" errors="0" timestamp="2023-09-09T11:08:01 IST" skipped="1">
  <testcase classname="com.morningnineam.Launchdriver" name="data" time="5.331"/>
  <testcase classname="com.morningnineam.Launchdriver" name="f">
    <skipped/>
  </testcase> <!-- f -->
</testsuite> <!-- com.morningnineam.Launchdriver -->
