<?xml version="1.0" encoding="UTF-8"?>
<!-- Generated by org.testng.reporters.JUnitReportReporter -->
<testsuite hostname="ADMINRG-B4GU5HF" failures="0" tests="2" name="com.testng.Face" time="5.291" errors="0" timestamp="2023-08-30T16:19:20 IST" skipped="0">
  <testcase classname="com.testng.Face" name="launch" time="2.652"/>
  <testcase classname="com.testng.Face" name="urllaunch" time="2.639"/>
</testsuite> <!-- com.testng.Face -->
