<?xml version="1.0" encoding="UTF-8"?>
<!-- Generated by org.testng.reporters.JUnitReportReporter -->
<testsuite hostname="ADMINRG-B4GU5HF" failures="0" tests="1" name="com.xl.Neeeww" time="0.012" errors="0" timestamp="2023-09-08T20:06:00 IST" skipped="0">
  <testcase classname="com.xl.Neeeww" name="f" time="0.012"/>
</testsuite> <!-- com.xl.Neeeww -->
