<?xml version="1.0" encoding="UTF-8"?>
<!-- Generated by org.testng.reporters.JUnitReportReporter -->
<testsuite hostname="ADMINRG-B4GU5HF" failures="0" tests="1" name="Project.FacebookTest.Sample" time="0.014" errors="0" timestamp="2023-09-08T20:49:02 IST" skipped="0">
  <testcase classname="Project.FacebookTest.Sample" name="f" time="0.014"/>
</testsuite> <!-- Project.FacebookTest.Sample -->
